[0.062s] Invoking command in '/home/freesix/far_planner_ws/src/build/local_planner': CMAKE_PREFIX_PATH=/opt/ros/humble /usr/local/bin/cmake /home/freesix/far_planner_ws/src/autonomous_exploration_development_environment/src/local_planner -DCMAKE_BUILD_TYPE=Release -DAMENT_CMAKE_SYMLINK_INSTALL=1 -DCMAKE_INSTALL_PREFIX=/home/freesix/far_planner_ws/src/install/local_planner
[0.265s] -- The C compiler identification is GNU 11.4.0
[0.556s] -- The CXX compiler identification is GNU 11.4.0
[0.724s] -- Detecting C compiler ABI info
[0.860s] -- Detecting C compiler ABI info - done
[0.873s] -- Check for working C compiler: /usr/bin/cc - skipped
[0.874s] -- Detecting C compile features
[0.875s] -- Detecting C compile features - done
[0.884s] -- Detecting CXX compiler ABI info
[1.054s] -- Detecting CXX compiler ABI info - done
[1.077s] -- Check for working CXX compiler: /usr/bin/c++ - skipped
[1.077s] -- Detecting CXX compile features
[1.077s] -- Detecting CXX compile features - done
[1.077s] -- Found ament_cmake: 1.3.5 (/opt/ros/humble/share/ament_cmake/cmake)
[2.499s] -- Found Python3: /usr/bin/python3.10 (found version "3.10.12") found components: Interpreter 
[2.596s] -- Override CMake install command with custom implementation using symlinks instead of copying resources
[2.631s] -- Found rclcpp: 16.0.5 (/opt/ros/humble/share/rclcpp/cmake)
[2.949s] -- Found rosidl_generator_c: 3.1.5 (/opt/ros/humble/share/rosidl_generator_c/cmake)
[2.963s] -- Found rosidl_adapter: 3.1.5 (/opt/ros/humble/share/rosidl_adapter/cmake)
[2.983s] -- Found rosidl_generator_cpp: 3.1.5 (/opt/ros/humble/share/rosidl_generator_cpp/cmake)
[3.021s] -- Using all available rosidl_typesupport_c: rosidl_typesupport_fastrtps_c;rosidl_typesupport_introspection_c
[3.075s] -- Using all available rosidl_typesupport_cpp: rosidl_typesupport_fastrtps_cpp;rosidl_typesupport_introspection_cpp
[3.215s] -- Found rmw_implementation_cmake: 6.1.1 (/opt/ros/humble/share/rmw_implementation_cmake/cmake)
[3.220s] -- Found rmw_fastrtps_cpp: 6.2.3 (/opt/ros/humble/share/rmw_fastrtps_cpp/cmake)
[4.132s] -- Found OpenSSL: /usr/lib/x86_64-linux-gnu/libcrypto.so (found version "3.0.2")  
[5.365s] -- Found FastRTPS: /opt/ros/humble/include  
[7.839s] -- Using RMW implementation 'rmw_fastrtps_cpp' as default
[7.855s] -- Performing Test CMAKE_HAVE_LIBC_PTHREAD
[7.973s] -- Performing Test CMAKE_HAVE_LIBC_PTHREAD - Success
[7.975s] -- Found Threads: TRUE  
[8.207s] -- Found nav_msgs: 4.2.3 (/opt/ros/humble/share/nav_msgs/cmake)
[8.376s] -- Found sensor_msgs: 4.2.3 (/opt/ros/humble/share/sensor_msgs/cmake)
[8.503s] -- Found tf2_ros: 0.25.3 (/opt/ros/humble/share/tf2_ros/cmake)
[9.078s] -- Found tf2_geometry_msgs: 0.25.3 (/opt/ros/humble/share/tf2_geometry_msgs/cmake)
[9.147s] -- Found eigen3_cmake_module: 0.1.1 (/opt/ros/humble/share/eigen3_cmake_module/cmake)
[9.149s] -- Found Eigen3: TRUE (found version "3.4.0") 
[9.150s] -- Ensuring Eigen3 include directory is part of orocos-kdl CMake target
[9.166s] -- Found pcl_conversions: 2.4.0 (/opt/ros/humble/share/pcl_conversions/cmake)
[9.374s] -- Found pcl_ros: 2.4.0 (/opt/ros/humble/share/pcl_ros/cmake)
[9.581s] -- Checking for module 'eigen3'
[9.592s] --   Found eigen3, version 3.4.0
[9.623s] -- Found Eigen: /usr/include/eigen3 (Required is at least version "3.1") 
[9.623s] -- Eigen found (include: /usr/include/eigen3, version: 3.4.0)
[10.579s] -- Checking for module 'flann'
[10.592s] --   Found flann, version 1.9.1
[10.877s] -- Found FLANN: /usr/lib/x86_64-linux-gnu/libflann_cpp.so  
[10.877s] -- FLANN found (include: /usr/include, lib: /usr/lib/x86_64-linux-gnu/libflann_cpp.so)
[15.474s] -- Checking for module 'libusb-1.0'
[15.483s] --   Found libusb-1.0, version 1.0.25
[15.583s] -- Found libusb: /usr/lib/x86_64-linux-gnu/libusb-1.0.so  
[15.584s] -- OpenNI found (version: 1.5.4.0, include: /usr/include/ni, lib: /usr/lib/libOpenNI.so;libusb::libusb)
[15.727s] -- OpenNI2 found (version: 2.2.0.33, include: /usr/include/openni2, lib: /usr/lib/x86_64-linux-gnu/libOpenNI2.so;libusb::libusb)
[17.430s] -- Eigen found (include: /usr/include/eigen3, version: 3.4.0)
[17.440s] -- OpenNI found (version: 1.5.4.0, include: /usr/include/ni, lib: /usr/lib/libOpenNI.so;libusb::libusb)
[17.456s] -- OpenNI2 found (version: 2.2.0.33, include: /usr/include/openni2, lib: /usr/lib/x86_64-linux-gnu/libOpenNI2.so;libusb::libusb)
[19.152s] -- Found Qhull version 8.0.2
[20.949s] -- OpenNI found (version: 1.5.4.0, include: /usr/include/ni, lib: /usr/lib/libOpenNI.so;libusb::libusb)
[22.855s] -- Found PCL_COMMON: /usr/lib/x86_64-linux-gnu/libpcl_common.so  
[22.857s] -- Found PCL_KDTREE: /usr/lib/x86_64-linux-gnu/libpcl_kdtree.so  
[22.858s] -- Found PCL_OCTREE: /usr/lib/x86_64-linux-gnu/libpcl_octree.so  
[22.860s] -- Found PCL_SEARCH: /usr/lib/x86_64-linux-gnu/libpcl_search.so  
[22.861s] -- Found PCL_SAMPLE_CONSENSUS: /usr/lib/x86_64-linux-gnu/libpcl_sample_consensus.so  
[22.863s] -- Found PCL_FILTERS: /usr/lib/x86_64-linux-gnu/libpcl_filters.so  
[22.864s] -- Found PCL_2D: /usr/include/pcl-1.12  
[22.864s] -- Found PCL_GEOMETRY: /usr/include/pcl-1.12  
[22.866s] -- Found PCL_IO: /usr/lib/x86_64-linux-gnu/libpcl_io.so  
[22.868s] -- Found PCL_FEATURES: /usr/lib/x86_64-linux-gnu/libpcl_features.so  
[22.870s] -- Found PCL_ML: /usr/lib/x86_64-linux-gnu/libpcl_ml.so  
[22.871s] -- Found PCL_SEGMENTATION: /usr/lib/x86_64-linux-gnu/libpcl_segmentation.so  
[22.873s] -- Found PCL_VISUALIZATION: /usr/lib/x86_64-linux-gnu/libpcl_visualization.so  
[22.875s] -- Found PCL_SURFACE: /usr/lib/x86_64-linux-gnu/libpcl_surface.so  
[22.876s] -- Found PCL_REGISTRATION: /usr/lib/x86_64-linux-gnu/libpcl_registration.so  
[22.878s] -- Found PCL_KEYPOINTS: /usr/lib/x86_64-linux-gnu/libpcl_keypoints.so  
[22.880s] -- Found PCL_TRACKING: /usr/lib/x86_64-linux-gnu/libpcl_tracking.so  
[22.882s] -- Found PCL_RECOGNITION: /usr/lib/x86_64-linux-gnu/libpcl_recognition.so  
[22.883s] -- Found PCL_STEREO: /usr/lib/x86_64-linux-gnu/libpcl_stereo.so  
[22.885s] -- Found PCL_APPS: /usr/lib/x86_64-linux-gnu/libpcl_apps.so  
[22.886s] -- Found PCL_IN_HAND_SCANNER: /usr/include/pcl-1.12  
[22.887s] -- Found PCL_MODELER: /usr/include/pcl-1.12  
[22.888s] -- Found PCL_POINT_CLOUD_EDITOR: /usr/include/pcl-1.12  
[22.890s] -- Found PCL_OUTOFCORE: /usr/lib/x86_64-linux-gnu/libpcl_outofcore.so  
[22.892s] -- Found PCL_PEOPLE: /usr/lib/x86_64-linux-gnu/libpcl_people.so  
[23.024s] -- Found ament_lint_auto: 0.12.7 (/opt/ros/humble/share/ament_lint_auto/cmake)
[23.128s] -- Added test 'copyright' to check source files copyright and LICENSE
[23.130s] -- Added test 'cppcheck' to perform static code analysis on C / C++ code
[23.131s] -- Configured cppcheck include dirs: 
[23.131s] -- Configured cppcheck exclude dirs and/or files: 
[23.133s] -- Added test 'cpplint' to check C / C++ code against the Google style
[23.133s] -- Configured cpplint exclude dirs and/or files: 
[23.134s] -- Added test 'lint_cmake' to check CMake code style
[23.135s] -- Added test 'uncrustify' to check C / C++ code style
[23.136s] -- Configured uncrustify additional arguments: 
[23.136s] -- Added test 'xmllint' to check XML markup files
[23.139s] -- Configuring done (23.1s)
[23.226s] -- Generating done (0.1s)
[23.234s] -- Build files have been written to: /home/freesix/far_planner_ws/src/build/local_planner
[23.290s] Invoked command in '/home/freesix/far_planner_ws/src/build/local_planner' returned '0': CMAKE_PREFIX_PATH=/opt/ros/humble /usr/local/bin/cmake /home/freesix/far_planner_ws/src/autonomous_exploration_development_environment/src/local_planner -DCMAKE_BUILD_TYPE=Release -DAMENT_CMAKE_SYMLINK_INSTALL=1 -DCMAKE_INSTALL_PREFIX=/home/freesix/far_planner_ws/src/install/local_planner
[23.319s] Invoking command in '/home/freesix/far_planner_ws/src/build/local_planner': CMAKE_PREFIX_PATH=/opt/ros/humble /usr/local/bin/cmake --build /home/freesix/far_planner_ws/src/build/local_planner -- -j16 -l16
[23.568s] [ 25%] [32mBuilding CXX object CMakeFiles/pathFollower.dir/src/pathFollower.cpp.o[0m
[23.568s] [ 50%] [32mBuilding CXX object CMakeFiles/localPlanner.dir/src/localPlanner.cpp.o[0m
[396.291s] [01m[Kc++:[m[K [01;31m[Kfatal error: [m[KKilled signal terminated program cc1plus
[396.293s] compilation terminated.
[396.297s] gmake[2]: *** [CMakeFiles/pathFollower.dir/build.make:76: CMakeFiles/pathFollower.dir/src/pathFollower.cpp.o] Error 1
[396.307s] gmake[1]: *** [CMakeFiles/Makefile2:165: CMakeFiles/pathFollower.dir/all] Error 2
[396.308s] gmake[1]: *** Waiting for unfinished jobs....
[414.908s] [ 75%] [32m[1mLinking CXX executable localPlanner[0m
[415.467s] [ 75%] Built target localPlanner
[415.474s] gmake: *** [Makefile:146: all] Error 2
