[0.044s] Invoking command in '/home/freesix/far_planner_ws/src/build/waypoint_example': CMAKE_PREFIX_PATH=/opt/ros/humble /usr/local/bin/cmake /home/freesix/far_planner_ws/src/autonomous_exploration_development_environment/src/waypoint_example -DCMAKE_BUILD_TYPE=Release -DAMENT_CMAKE_SYMLINK_INSTALL=1 -DCMAKE_INSTALL_PREFIX=/home/freesix/far_planner_ws/src/install/waypoint_example
[9.474s] -- The C compiler identification is GNU 11.4.0
[9.474s] -- The CXX compiler identification is GNU 11.4.0
[9.475s] -- Detecting C compiler ABI info
[9.475s] -- Detecting C compiler ABI info - done
[9.475s] -- Check for working C compiler: /usr/bin/cc - skipped
[9.475s] -- Detecting C compile features
[9.475s] -- Detecting C compile features - done
[9.475s] -- Detecting CXX compiler ABI info
[9.475s] -- Detecting CXX compiler ABI info - done
[9.476s] -- Check for working CXX compiler: /usr/bin/c++ - skipped
[9.476s] -- Detecting CXX compile features
[9.476s] -- Detecting CXX compile features - done
[9.476s] -- Found ament_cmake: 1.3.5 (/opt/ros/humble/share/ament_cmake/cmake)
[9.476s] -- Found Python3: /usr/bin/python3.10 (found version "3.10.12") found components: Interpreter 
[9.476s] -- Override CMake install command with custom implementation using symlinks instead of copying resources
[9.476s] -- Found rclcpp: 16.0.5 (/opt/ros/humble/share/rclcpp/cmake)
[9.476s] -- Found rosidl_generator_c: 3.1.5 (/opt/ros/humble/share/rosidl_generator_c/cmake)
[9.476s] -- Found rosidl_adapter: 3.1.5 (/opt/ros/humble/share/rosidl_adapter/cmake)
[9.476s] -- Found rosidl_generator_cpp: 3.1.5 (/opt/ros/humble/share/rosidl_generator_cpp/cmake)
[9.477s] -- Using all available rosidl_typesupport_c: rosidl_typesupport_fastrtps_c;rosidl_typesupport_introspection_c
[9.477s] -- Using all available rosidl_typesupport_cpp: rosidl_typesupport_fastrtps_cpp;rosidl_typesupport_introspection_cpp
[9.477s] -- Found rmw_implementation_cmake: 6.1.1 (/opt/ros/humble/share/rmw_implementation_cmake/cmake)
[9.477s] -- Found rmw_fastrtps_cpp: 6.2.3 (/opt/ros/humble/share/rmw_fastrtps_cpp/cmake)
[9.477s] -- Found OpenSSL: /usr/lib/x86_64-linux-gnu/libcrypto.so (found version "3.0.2")  
[9.477s] -- Found FastRTPS: /opt/ros/humble/include  
[9.478s] -- Using RMW implementation 'rmw_fastrtps_cpp' as default
[9.478s] -- Performing Test CMAKE_HAVE_LIBC_PTHREAD
[9.478s] -- Performing Test CMAKE_HAVE_LIBC_PTHREAD - Success
[9.478s] -- Found Threads: TRUE  
[9.478s] -- Found nav_msgs: 4.2.3 (/opt/ros/humble/share/nav_msgs/cmake)
[9.479s] -- Found sensor_msgs: 4.2.3 (/opt/ros/humble/share/sensor_msgs/cmake)
[9.479s] -- Found tf2_ros: 0.25.3 (/opt/ros/humble/share/tf2_ros/cmake)
[9.479s] -- Found tf2_geometry_msgs: 0.25.3 (/opt/ros/humble/share/tf2_geometry_msgs/cmake)
[9.479s] -- Found eigen3_cmake_module: 0.1.1 (/opt/ros/humble/share/eigen3_cmake_module/cmake)
[9.479s] -- Found Eigen3: TRUE (found version "3.4.0") 
[9.479s] -- Ensuring Eigen3 include directory is part of orocos-kdl CMake target
[9.480s] -- Found pcl_conversions: 2.4.0 (/opt/ros/humble/share/pcl_conversions/cmake)
[9.482s] -- Found pcl_ros: 2.4.0 (/opt/ros/humble/share/pcl_ros/cmake)
[9.689s] -- Checking for module 'eigen3'
[9.704s] --   Found eigen3, version 3.4.0
[9.731s] -- Found Eigen: /usr/include/eigen3 (Required is at least version "3.1") 
[9.731s] -- Eigen found (include: /usr/include/eigen3, version: 3.4.0)
[11.022s] -- Checking for module 'flann'
[11.037s] --   Found flann, version 1.9.1
[11.310s] -- Found FLANN: /usr/lib/x86_64-linux-gnu/libflann_cpp.so  
[11.310s] -- FLANN found (include: /usr/include, lib: /usr/lib/x86_64-linux-gnu/libflann_cpp.so)
[15.860s] -- Checking for module 'libusb-1.0'
[15.870s] --   Found libusb-1.0, version 1.0.25
[15.953s] -- Found libusb: /usr/lib/x86_64-linux-gnu/libusb-1.0.so  
[15.954s] -- OpenNI found (version: 1.5.4.0, include: /usr/include/ni, lib: /usr/lib/libOpenNI.so;libusb::libusb)
[16.117s] -- OpenNI2 found (version: 2.2.0.33, include: /usr/include/openni2, lib: /usr/lib/x86_64-linux-gnu/libOpenNI2.so;libusb::libusb)
[17.842s] -- Eigen found (include: /usr/include/eigen3, version: 3.4.0)
[17.851s] -- OpenNI found (version: 1.5.4.0, include: /usr/include/ni, lib: /usr/lib/libOpenNI.so;libusb::libusb)
[17.859s] -- OpenNI2 found (version: 2.2.0.33, include: /usr/include/openni2, lib: /usr/lib/x86_64-linux-gnu/libOpenNI2.so;libusb::libusb)
[19.496s] -- Found Qhull version 8.0.2
[21.249s] -- OpenNI found (version: 1.5.4.0, include: /usr/include/ni, lib: /usr/lib/libOpenNI.so;libusb::libusb)
[23.053s] -- Found PCL_COMMON: /usr/lib/x86_64-linux-gnu/libpcl_common.so  
[23.055s] -- Found PCL_KDTREE: /usr/lib/x86_64-linux-gnu/libpcl_kdtree.so  
[23.056s] -- Found PCL_OCTREE: /usr/lib/x86_64-linux-gnu/libpcl_octree.so  
[23.057s] -- Found PCL_SEARCH: /usr/lib/x86_64-linux-gnu/libpcl_search.so  
[23.058s] -- Found PCL_SAMPLE_CONSENSUS: /usr/lib/x86_64-linux-gnu/libpcl_sample_consensus.so  
[23.059s] -- Found PCL_FILTERS: /usr/lib/x86_64-linux-gnu/libpcl_filters.so  
[23.060s] -- Found PCL_2D: /usr/include/pcl-1.12  
[23.061s] -- Found PCL_GEOMETRY: /usr/include/pcl-1.12  
[23.062s] -- Found PCL_IO: /usr/lib/x86_64-linux-gnu/libpcl_io.so  
[23.063s] -- Found PCL_FEATURES: /usr/lib/x86_64-linux-gnu/libpcl_features.so  
[23.064s] -- Found PCL_ML: /usr/lib/x86_64-linux-gnu/libpcl_ml.so  
[23.066s] -- Found PCL_SEGMENTATION: /usr/lib/x86_64-linux-gnu/libpcl_segmentation.so  
[23.067s] -- Found PCL_VISUALIZATION: /usr/lib/x86_64-linux-gnu/libpcl_visualization.so  
[23.068s] -- Found PCL_SURFACE: /usr/lib/x86_64-linux-gnu/libpcl_surface.so  
[23.070s] -- Found PCL_REGISTRATION: /usr/lib/x86_64-linux-gnu/libpcl_registration.so  
[23.071s] -- Found PCL_KEYPOINTS: /usr/lib/x86_64-linux-gnu/libpcl_keypoints.so  
[23.073s] -- Found PCL_TRACKING: /usr/lib/x86_64-linux-gnu/libpcl_tracking.so  
[23.075s] -- Found PCL_RECOGNITION: /usr/lib/x86_64-linux-gnu/libpcl_recognition.so  
[23.077s] -- Found PCL_STEREO: /usr/lib/x86_64-linux-gnu/libpcl_stereo.so  
[23.079s] -- Found PCL_APPS: /usr/lib/x86_64-linux-gnu/libpcl_apps.so  
[23.080s] -- Found PCL_IN_HAND_SCANNER: /usr/include/pcl-1.12  
[23.081s] -- Found PCL_MODELER: /usr/include/pcl-1.12  
[23.081s] -- Found PCL_POINT_CLOUD_EDITOR: /usr/include/pcl-1.12  
[23.083s] -- Found PCL_OUTOFCORE: /usr/lib/x86_64-linux-gnu/libpcl_outofcore.so  
[23.086s] -- Found PCL_PEOPLE: /usr/lib/x86_64-linux-gnu/libpcl_people.so  
[23.188s] -- Found ament_lint_auto: 0.12.7 (/opt/ros/humble/share/ament_lint_auto/cmake)
[23.318s] -- Added test 'copyright' to check source files copyright and LICENSE
[23.321s] -- Added test 'cppcheck' to perform static code analysis on C / C++ code
[23.321s] -- Configured cppcheck include dirs: 
[23.321s] -- Configured cppcheck exclude dirs and/or files: 
[23.322s] -- Added test 'cpplint' to check C / C++ code against the Google style
[23.322s] -- Configured cpplint exclude dirs and/or files: 
[23.324s] -- Added test 'lint_cmake' to check CMake code style
[23.325s] -- Added test 'uncrustify' to check C / C++ code style
[23.326s] -- Configured uncrustify additional arguments: 
[23.326s] -- Added test 'xmllint' to check XML markup files
[23.331s] -- Configuring done (23.3s)
[23.395s] -- Generating done (0.0s)
[23.401s] -- Build files have been written to: /home/freesix/far_planner_ws/src/build/waypoint_example
[23.547s] Invoked command in '/home/freesix/far_planner_ws/src/build/waypoint_example' returned '0': CMAKE_PREFIX_PATH=/opt/ros/humble /usr/local/bin/cmake /home/freesix/far_planner_ws/src/autonomous_exploration_development_environment/src/waypoint_example -DCMAKE_BUILD_TYPE=Release -DAMENT_CMAKE_SYMLINK_INSTALL=1 -DCMAKE_INSTALL_PREFIX=/home/freesix/far_planner_ws/src/install/waypoint_example
[23.551s] Invoking command in '/home/freesix/far_planner_ws/src/build/waypoint_example': CMAKE_PREFIX_PATH=/opt/ros/humble /usr/local/bin/cmake --build /home/freesix/far_planner_ws/src/build/waypoint_example -- -j16 -l16
[23.692s] [ 50%] [32mBuilding CXX object CMakeFiles/waypointExample.dir/src/waypointExample.cpp.o[0m
[65.701s] [01m[Kc++:[m[K [01;31m[Kfatal error: [m[KKilled signal terminated program cc1plus
[65.703s] compilation terminated.
[65.710s] gmake[2]: *** [CMakeFiles/waypointExample.dir/build.make:76: CMakeFiles/waypointExample.dir/src/waypointExample.cpp.o] Error 1
[65.729s] gmake[1]: *** [CMakeFiles/Makefile2:137: CMakeFiles/waypointExample.dir/all] Error 2
[65.742s] gmake: *** [Makefile:146: all] Error 2
